<?xml version="1.0" encoding="UTF-8"?>
<Site BuildName="(empty)"
	BuildStamp="20230802-2315-Experimental"
	Name="(empty)"
	Generator="ctest-3.22.1"
	CompilerName=""
	CompilerVersion=""
	OSName="Linux"
	Hostname="UGC163BDQN3"
	OSRelease="5.19.0-50-generic"
	OSVersion="#50-Ubuntu SMP PREEMPT_DYNAMIC Mon Jul 10 18:24:29 UTC 2023"
	OSPlatform="x86_64"
	Is64Bits="1"
	VendorString="GenuineIntel"
	VendorID="Intel Corporation"
	FamilyID="6"
	ModelID="141"
	ProcessorCacheSize="24576"
	NumberOfLogicalCPU="16"
	NumberOfPhysicalCPU="8"
	TotalVirtualMemory="11715"
	TotalPhysicalMemory="63567"
	LogicalProcessorsPerPhysical="2"
	ProcessorClockFrequency="4335.62"
	>
	<Testing>
		<StartDateTime>Aug 02 19:15 EDT</StartDateTime>
		<StartTestTime>1691018105</StartTestTime>
		<TestList/>
		<EndDateTime>Aug 02 19:15 EDT</EndDateTime>
		<EndTestTime>1691018105</EndTestTime>
		<ElapsedMinutes>0</ElapsedMinutes>
	</Testing>
</Site>
